#
# There is insufficient memory for the Java Runtime Environment to continue.
# Native memory allocation (malloc) failed to allocate 1136976 bytes. Error detail: Chunk::new
# Possible reasons:
#   The system is out of physical RAM or swap space
#   This process is running with CompressedOops enabled, and the Java Heap may be blocking the growth of the native heap
# Possible solutions:
#   Reduce memory load on the system
#   Increase physical memory or swap space
#   Check if swap backing store is full
#   Decrease Java heap size (-Xmx/-Xms)
#   Decrease number of Java threads
#   Decrease Java thread stack sizes (-Xss)
#   Set larger code cache with -XX:ReservedCodeCacheSize=
#   JVM is running with Unscaled Compressed Oops mode in which the Java heap is
#     placed in the first 4GB address space. The Java Heap base address is the
#     maximum limit for the native heap growth. Please use -XX:HeapBaseMinAddress
#     to set the Java Heap base and to place the Java Heap above 4GB virtual address.
# This output file may be truncated or incomplete.
#
#  Out of Memory Error (arena.cpp:191), pid=18160, tid=3164
#
# JRE version: OpenJDK Runtime Environment Temurin-17.0.12+7 (17.0.12+7) (build 17.0.12+7)
# Java VM: OpenJDK 64-Bit Server VM Temurin-17.0.12+7 (17.0.12+7, mixed mode, tiered, compressed oops, compressed class ptrs, parallel gc, windows-amd64)
# No core dump will be written. Minidumps are not enabled by default on client versions of Windows
#

---------------  S U M M A R Y ------------

Command Line: --add-modules=ALL-SYSTEM --add-opens=java.base/java.util=ALL-UNNAMED --add-opens=java.base/java.lang=ALL-UNNAMED --add-opens=java.base/sun.nio.fs=ALL-UNNAMED -Declipse.application=org.eclipse.jdt.ls.core.id1 -Dosgi.bundles.defaultStartLevel=4 -Declipse.product=org.eclipse.jdt.ls.core.product -Djava.import.generatesMetadataFilesAtProjectRoot=false -DDetectVMInstallationsJob.disabled=true -Dfile.encoding=utf8 -XX:+UseParallelGC -XX:GCTimeRatio=4 -XX:AdaptiveSizePolicyWeight=90 -Dsun.zip.disableMemoryMapping=true -Xmx1G -Xms100m -Xlog:disable -javaagent:c:\Users\Alanis\.vscode\extensions\redhat.java-1.35.1-win32-x64\lombok\lombok-1.18.33.jar -XX:+HeapDumpOnOutOfMemoryError -XX:HeapDumpPath=c:\Users\Alanis\AppData\Roaming\Code\User\workspaceStorage\dff5c497b77603ec68c263be5a83a80d\redhat.java -Daether.dependencyCollector.impl=bf c:\Users\Alanis\.vscode\extensions\redhat.java-1.35.1-win32-x64\server\plugins\org.eclipse.equinox.launcher_1.6.900.v20240613-2009.jar -configuration c:\Users\Alanis\AppData\Roaming\Code\User\globalStorage\redhat.java\1.35.1\config_win -data c:\Users\Alanis\AppData\Roaming\Code\User\workspaceStorage\dff5c497b77603ec68c263be5a83a80d\redhat.java\jdt_ws --pipe=\\.\pipe\lsp-2085bf3bddd01d7bc66cec7f6f82adea-sock

Host: Intel(R) Core(TM) i3-8145U CPU @ 2.10GHz, 4 cores, 2G,  Windows 10 , 64 bit Build 19041 (10.0.19041.1503)
Time: Wed Oct  2 00:07:23 2024 SA Pacific Standard Time elapsed time: 791.507203 seconds (0d 0h 13m 11s)

---------------  T H R E A D  ---------------

Current thread (0x000002462cea8b50):  JavaThread "C2 CompilerThread0" daemon [_thread_in_native, id=3164, stack(0x000000efcaa00000,0x000000efcab00000)]


Current CompileTask:
C2: 791507 12805       4       org.eclipse.jdt.internal.compiler.lookup.BinaryTypeBinding::createMethod (1724 bytes)

Stack: [0x000000efcaa00000,0x000000efcab00000]
Native frames: (J=compiled Java code, j=interpreted, Vv=VM code, C=native code)
V  [jvm.dll+0x67f929]
V  [jvm.dll+0x8371ba]
V  [jvm.dll+0x838c7e]
V  [jvm.dll+0x8392e3]
V  [jvm.dll+0x24834f]
V  [jvm.dll+0xac9d4]
V  [jvm.dll+0xad01c]
V  [jvm.dll+0x2af96f]
V  [jvm.dll+0x5868d7]
V  [jvm.dll+0x2231c2]
V  [jvm.dll+0x2235bf]
V  [jvm.dll+0x21c6e0]
V  [jvm.dll+0x219be1]
V  [jvm.dll+0x1a58bd]
V  [jvm.dll+0x229a2d]
V  [jvm.dll+0x227bdc]
V  [jvm.dll+0x7ec1f7]
V  [jvm.dll+0x7e65dc]
V  [jvm.dll+0x67e7f7]
C  [ucrtbase.dll+0x21bb2]
C  [KERNEL32.DLL+0x17034]
C  [ntdll.dll+0x52651]


---------------  P R O C E S S  ---------------

Threads class SMR info:
_java_thread_list=0x00000246334366f0, length=44, elements={
0x00000246190565e0, 0x000002462ce96220, 0x000002462ce972e0, 0x000002462cea5e20,
0x000002462cea69e0, 0x000002462cea74a0, 0x000002462cea7e60, 0x000002462cea8b50,
0x000002463204b700, 0x000002463204c3c0, 0x0000024632062c70, 0x00000246322c6910,
0x0000024632401b10, 0x00000246327c8520, 0x00000246327c8a00, 0x00000246329c6dc0,
0x0000024633146a40, 0x0000024632f64e70, 0x0000024632f64450, 0x0000024632f65380,
0x0000024632f65da0, 0x0000024632f63a30, 0x0000024632f63f40, 0x0000024632f62b00,
0x0000024632f64960, 0x0000024632f65890, 0x0000024632f662b0, 0x000002463265cca0,
0x0000024632658ad0, 0x00000246326585c0, 0x000002463265dbd0, 0x000002463265ae40,
0x000002463265c280, 0x000002463265e0e0, 0x000002463265b860, 0x0000024632658fe0,
0x000002463265f520, 0x00000246326594f0, 0x000002463265bd70, 0x000002463265d1b0,
0x0000024632659a00, 0x000002463265e5f0, 0x00000246326580b0, 0x000002463265d6c0
}

Java Threads: ( => current thread )
  0x00000246190565e0 JavaThread "main" [_thread_blocked, id=15840, stack(0x000000efca100000,0x000000efca200000)]
  0x000002462ce96220 JavaThread "Reference Handler" daemon [_thread_blocked, id=13560, stack(0x000000efca400000,0x000000efca500000)]
  0x000002462ce972e0 JavaThread "Finalizer" daemon [_thread_blocked, id=12004, stack(0x000000efca500000,0x000000efca600000)]
  0x000002462cea5e20 JavaThread "Signal Dispatcher" daemon [_thread_blocked, id=16272, stack(0x000000efca600000,0x000000efca700000)]
  0x000002462cea69e0 JavaThread "Attach Listener" daemon [_thread_blocked, id=9912, stack(0x000000efca700000,0x000000efca800000)]
  0x000002462cea74a0 JavaThread "Service Thread" daemon [_thread_blocked, id=13656, stack(0x000000efca800000,0x000000efca900000)]
  0x000002462cea7e60 JavaThread "Monitor Deflation Thread" daemon [_thread_blocked, id=18100, stack(0x000000efca900000,0x000000efcaa00000)]
=>0x000002462cea8b50 JavaThread "C2 CompilerThread0" daemon [_thread_in_native, id=3164, stack(0x000000efcaa00000,0x000000efcab00000)]
  0x000002463204b700 JavaThread "C1 CompilerThread0" daemon [_thread_blocked, id=15708, stack(0x000000efcab00000,0x000000efcac00000)]
  0x000002463204c3c0 JavaThread "Sweeper thread" daemon [_thread_blocked, id=7144, stack(0x000000efcac00000,0x000000efcad00000)]
  0x0000024632062c70 JavaThread "Common-Cleaner" daemon [_thread_blocked, id=11984, stack(0x000000efcad00000,0x000000efcae00000)]
  0x00000246322c6910 JavaThread "Notification Thread" daemon [_thread_blocked, id=9292, stack(0x000000efcae00000,0x000000efcaf00000)]
  0x0000024632401b10 JavaThread "Active Thread: Equinox Container: e2b09350-a8ab-49c9-afb1-3bc6b6efebbb" [_thread_blocked, id=15752, stack(0x000000efcb300000,0x000000efcb400000)]
  0x00000246327c8520 JavaThread "Framework Event Dispatcher: Equinox Container: e2b09350-a8ab-49c9-afb1-3bc6b6efebbb" daemon [_thread_blocked, id=264, stack(0x000000efcb400000,0x000000efcb500000)]
  0x00000246327c8a00 JavaThread "Start Level: Equinox Container: e2b09350-a8ab-49c9-afb1-3bc6b6efebbb" daemon [_thread_blocked, id=18036, stack(0x000000efcb500000,0x000000efcb600000)]
  0x00000246329c6dc0 JavaThread "Bundle File Closer" daemon [_thread_blocked, id=16084, stack(0x000000efcb600000,0x000000efcb700000)]
  0x0000024633146a40 JavaThread "SCR Component Actor" daemon [_thread_blocked, id=18184, stack(0x000000efcb700000,0x000000efcb800000)]
  0x0000024632f64e70 JavaThread "Worker-JM" [_thread_blocked, id=3236, stack(0x000000efcb900000,0x000000efcba00000)]
  0x0000024632f64450 JavaThread "JNA Cleaner" daemon [_thread_blocked, id=3700, stack(0x000000efcba00000,0x000000efcbb00000)]
  0x0000024632f65380 JavaThread "Worker-0" [_thread_blocked, id=13680, stack(0x000000efcbb00000,0x000000efcbc00000)]
  0x0000024632f65da0 JavaThread "Worker-1" [_thread_blocked, id=15092, stack(0x000000efcbc00000,0x000000efcbd00000)]
  0x0000024632f63a30 JavaThread "Java indexing" daemon [_thread_blocked, id=9556, stack(0x000000efcbd00000,0x000000efcbe00000)]
  0x0000024632f63f40 JavaThread "Thread-2" daemon [_thread_in_native, id=18072, stack(0x000000efcbf00000,0x000000efcc000000)]
  0x0000024632f62b00 JavaThread "Thread-3" daemon [_thread_in_native, id=16368, stack(0x000000efcc000000,0x000000efcc100000)]
  0x0000024632f64960 JavaThread "Thread-4" daemon [_thread_in_native, id=17536, stack(0x000000efcc100000,0x000000efcc200000)]
  0x0000024632f65890 JavaThread "Thread-5" daemon [_thread_in_native, id=10836, stack(0x000000efcc200000,0x000000efcc300000)]
  0x0000024632f662b0 JavaThread "Thread-6" daemon [_thread_in_native, id=15224, stack(0x000000efcc300000,0x000000efcc400000)]
  0x000002463265cca0 JavaThread "pool-2-thread-1" [_thread_blocked, id=9660, stack(0x000000efcc400000,0x000000efcc500000)]
  0x0000024632658ad0 JavaThread "WorkspaceEventsHandler" [_thread_blocked, id=15860, stack(0x000000efcc500000,0x000000efcc600000)]
  0x00000246326585c0 JavaThread "pool-1-thread-1" [_thread_blocked, id=13096, stack(0x000000efcc600000,0x000000efcc700000)]
  0x000002463265dbd0 JavaThread "Worker-5" [_thread_blocked, id=14604, stack(0x000000efc9e00000,0x000000efc9f00000)]
  0x000002463265ae40 JavaThread "Worker-6" [_thread_blocked, id=17648, stack(0x000000efca000000,0x000000efca100000)]
  0x000002463265c280 JavaThread "Worker-7: Building" [_thread_blocked, id=4784, stack(0x000000efcb800000,0x000000efcb900000)]
  0x000002463265e0e0 JavaThread "ForkJoinPool.commonPool-worker-4" daemon [_thread_in_Java, id=3152, stack(0x000000efcbe00000,0x000000efcbf00000)]
  0x000002463265b860 JavaThread "ForkJoinPool.commonPool-worker-6" daemon [_thread_in_vm, id=15768, stack(0x000000efcc800000,0x000000efcc900000)]
  0x0000024632658fe0 JavaThread "Worker-8" [_thread_blocked, id=14816, stack(0x000000efcc900000,0x000000efcca00000)]
  0x000002463265f520 JavaThread "Worker-9" [_thread_blocked, id=13012, stack(0x000000efcca00000,0x000000efccb00000)]
  0x00000246326594f0 JavaThread "Worker-10" [_thread_blocked, id=1596, stack(0x000000efccb00000,0x000000efccc00000)]
  0x000002463265bd70 JavaThread "Worker-11" [_thread_blocked, id=6384, stack(0x000000efc9f00000,0x000000efca000000)]
  0x000002463265d1b0 JavaThread "Compiler Source File Reader" daemon [_thread_blocked, id=7752, stack(0x000000efcc700000,0x000000efcc800000)]
  0x0000024632659a00 JavaThread "Compiler Source File Reader" daemon [_thread_blocked, id=14520, stack(0x000000efccc00000,0x000000efccd00000)]
  0x000002463265e5f0 JavaThread "ForkJoinPool.commonPool-worker-7" daemon [_thread_blocked, id=16212, stack(0x000000efccd00000,0x000000efcce00000)]
  0x00000246326580b0 JavaThread "ForkJoinPool.commonPool-worker-8" daemon [_thread_blocked, id=16560, stack(0x000000efcce00000,0x000000efccf00000)]
  0x000002463265d6c0 JavaThread "Compiler Processing Task" daemon [_thread_in_Java, id=11912, stack(0x000000efccf00000,0x000000efcd000000)]

Other Threads:
  0x000002462ce7f5d0 VMThread "VM Thread" [stack: 0x000000efca300000,0x000000efca400000] [id=12496]
  0x0000024632289010 WatcherThread [stack: 0x000000efcaf00000,0x000000efcb000000] [id=13176]
  0x000002461906f870 GCTaskThread "GC Thread#0" [stack: 0x000000efca200000,0x000000efca300000] [id=12796]
  0x00000246327ec240 GCTaskThread "GC Thread#1" [stack: 0x000000efcb000000,0x000000efcb100000] [id=17356]
  0x000002463284e880 GCTaskThread "GC Thread#2" [stack: 0x000000efcb100000,0x000000efcb200000] [id=9128]
  0x000002463284eb40 GCTaskThread "GC Thread#3" [stack: 0x000000efcb200000,0x000000efcb300000] [id=14872]

Threads with active compile tasks:
C2 CompilerThread0   791625 12805       4       org.eclipse.jdt.internal.compiler.lookup.BinaryTypeBinding::createMethod (1724 bytes)

VM state: not at safepoint (normal execution)

VM Mutex/Monitor currently owned by a thread: None

Heap address: 0x00000000c0000000, size: 1024 MB, Compressed Oops mode: 32-bit

CDS archive(s) not mapped
Compressed class space mapped at: 0x0000000100000000-0x0000000140000000, reserved size: 1073741824
Narrow klass base: 0x0000000000000000, Narrow klass shift: 3, Narrow klass range: 0x140000000

GC Precious Log:
 CPUs: 4 total, 4 available
 Memory: 2444M
 Large Page Support: Disabled
 NUMA Support: Disabled
 Compressed Oops: Enabled (32-bit)
 Alignments: Space 512K, Generation 512K, Heap 2M
 Heap Min Capacity: 100M
 Heap Initial Capacity: 100M
 Heap Max Capacity: 1G
 Pre-touch: Disabled
 Parallel Workers: 4

Heap:
 PSYoungGen      total 27136K, used 2558K [0x00000000eab00000, 0x00000000ec980000, 0x0000000100000000)
  eden space 25088K, 2% used [0x00000000eab00000,0x00000000eab84678,0x00000000ec380000)
  from space 2048K, 99% used [0x00000000ec580000,0x00000000ec77b4f0,0x00000000ec780000)
  to   space 2048K, 0% used [0x00000000ec780000,0x00000000ec780000,0x00000000ec980000)
 ParOldGen       total 177152K, used 142557K [0x00000000c0000000, 0x00000000cad00000, 0x00000000eab00000)
  object space 177152K, 80% used [0x00000000c0000000,0x00000000c8b37720,0x00000000cad00000)
 Metaspace       used 76216K, committed 77568K, reserved 1179648K
  class space    used 7921K, committed 8512K, reserved 1048576K

Card table byte_map: [0x0000024618a00000,0x0000024618c10000] _byte_map_base: 0x0000024618400000

Marking Bits: (ParMarkBitMap*) 0x00007ff97fc358b0
 Begin Bits: [0x000002462ad00000, 0x000002462bd00000)
 End Bits:   [0x000002462bd00000, 0x000002462cd00000)

Polling page: 0x0000024616f80000

Metaspace:

Usage:
  Non-class:     66.69 MB used.
      Class:      7.74 MB used.
       Both:     74.43 MB used.

Virtual space:
  Non-class space:      128.00 MB reserved,      67.44 MB ( 53%) committed,  2 nodes.
      Class space:        1.00 GB reserved,       8.31 MB ( <1%) committed,  1 nodes.
             Both:        1.12 GB reserved,      75.75 MB (  7%) committed. 

Chunk freelists:
   Non-Class:  12.14 MB
       Class:  7.75 MB
        Both:  19.88 MB

MaxMetaspaceSize: unlimited
CompressedClassSpaceSize: 1.00 GB
Initial GC threshold: 21.00 MB
Current GC threshold: 122.12 MB
CDS: off
MetaspaceReclaimPolicy: balanced
 - commit_granule_bytes: 65536.
 - commit_granule_words: 8192.
 - virtual_space_node_default_size: 8388608.
 - enlarge_chunks_in_place: 1.
 - new_chunks_are_fully_committed: 0.
 - uncommit_free_chunks: 1.
 - use_allocation_guard: 0.
 - handle_deallocations: 1.


Internal statistics:

num_allocs_failed_limit: 9.
num_arena_births: 1006.
num_arena_deaths: 22.
num_vsnodes_births: 3.
num_vsnodes_deaths: 0.
num_space_committed: 1212.
num_space_uncommitted: 0.
num_chunks_returned_to_freelist: 32.
num_chunks_taken_from_freelist: 4381.
num_chunk_merges: 14.
num_chunk_splits: 2626.
num_chunks_enlarged: 1384.
num_inconsistent_stats: 0.

CodeHeap 'non-profiled nmethods': size=120000Kb used=7419Kb max_used=7419Kb free=112580Kb
 bounds [0x00000246237d0000, 0x0000024623f10000, 0x000002462ad00000]
CodeHeap 'profiled nmethods': size=120000Kb used=22650Kb max_used=22650Kb free=97349Kb
 bounds [0x000002461bd00000, 0x000002461d330000, 0x0000024623230000]
CodeHeap 'non-nmethods': size=5760Kb used=1382Kb max_used=1467Kb free=4377Kb
 bounds [0x0000024623230000, 0x00000246234a0000, 0x00000246237d0000]
 total_blobs=11317 nmethods=10580 adapters=650
 compilation: enabled
              stopped_count=0, restarted_count=0
 full_count=0

Compilation events (20 events):
Event: 790.803 Thread 0x000002463204b700 12813       3       org.eclipse.jdt.internal.compiler.lookup.BinaryTypeBinding::<init> (354 bytes)
Event: 790.805 Thread 0x000002463204b700 nmethod 12813 0x000002461d316d90 code [0x000002461d317080, 0x000002461d318628]
Event: 790.805 Thread 0x000002463204b700 12814   !   3       org.eclipse.jdt.internal.compiler.lookup.BinaryTypeBinding::createFields (619 bytes)
Event: 790.814 Thread 0x000002463204b700 nmethod 12814 0x000002461d318a90 code [0x000002461d318e80, 0x000002461d31b468]
Event: 790.814 Thread 0x000002463204b700 12816       3       org.eclipse.jdt.internal.compiler.env.NameEnvironmentAnswer::<init> (20 bytes)
Event: 790.814 Thread 0x000002463204b700 nmethod 12816 0x000002461d31cc10 code [0x000002461d31cda0, 0x000002461d31cf58]
Event: 790.814 Thread 0x000002463204b700 12815       3       org.eclipse.jdt.internal.compiler.lookup.BinaryTypeBinding$1::set (6 bytes)
Event: 790.814 Thread 0x000002463204b700 nmethod 12815 0x000002461d31d010 code [0x000002461d31d1a0, 0x000002461d31d2d8]
Event: 790.847 Thread 0x000002463204b700 12817       3       org.eclipse.jdt.internal.core.JavaProject::getRawClasspath (38 bytes)
Event: 790.852 Thread 0x000002463204b700 nmethod 12817 0x000002461d31d390 code [0x000002461d31d5a0, 0x000002461d31de28]
Event: 790.853 Thread 0x000002463204b700 12818       3       org.eclipse.jdt.internal.compiler.lookup.LookupEnvironment::getUnannotatedType (9 bytes)
Event: 790.853 Thread 0x000002463204b700 nmethod 12818 0x000002461d31e110 code [0x000002461d31e2c0, 0x000002461d31e408]
Event: 790.853 Thread 0x000002463204b700 12819       3       org.eclipse.jdt.internal.compiler.lookup.ReferenceBinding::computeId (7 bytes)
Event: 790.853 Thread 0x000002463204b700 nmethod 12819 0x000002461d31e510 code [0x000002461d31e6c0, 0x000002461d31e888]
Event: 790.864 Thread 0x000002463204b700 12821       3       org.eclipse.jdt.internal.compiler.lookup.TypeVariableBinding::setFirstBound (86 bytes)
Event: 790.871 Thread 0x000002463204b700 nmethod 12821 0x000002461d31e990 code [0x000002461d31eb80, 0x000002461d31f1e8]
Event: 790.871 Thread 0x000002463204b700 12822       3       org.eclipse.jdt.internal.compiler.lookup.TypeVariableBinding::setSuperClass (65 bytes)
Event: 790.871 Thread 0x000002463204b700 nmethod 12822 0x000002461d31f490 code [0x000002461d31f660, 0x000002461d31fc48]
Event: 790.962 Thread 0x000002463204b700 12824       3       java.lang.invoke.DirectMethodHandle::getFunction (53 bytes)
Event: 790.962 Thread 0x000002463204b700 nmethod 12824 0x000002461d31fe90 code [0x000002461d320040, 0x000002461d320348]

GC Heap History (20 events):
Event: 757.405 GC heap before
{Heap before GC invocations=118 (full 6):
 PSYoungGen      total 31232K, used 31219K [0x00000000eab00000, 0x00000000ed000000, 0x0000000100000000)
  eden space 26624K, 100% used [0x00000000eab00000,0x00000000ec500000,0x00000000ec500000)
  from space 4608K, 99% used [0x00000000ec500000,0x00000000ec97ce38,0x00000000ec980000)
  to   space 5120K, 0% used [0x00000000ecb00000,0x00000000ecb00000,0x00000000ed000000)
 ParOldGen       total 177152K, used 136830K [0x00000000c0000000, 0x00000000cad00000, 0x00000000eab00000)
  object space 177152K, 77% used [0x00000000c0000000,0x00000000c859f8d8,0x00000000cad00000)
 Metaspace       used 75063K, committed 76480K, reserved 1179648K
  class space    used 7841K, committed 8448K, reserved 1048576K
}
Event: 757.426 GC heap after
{Heap after GC invocations=118 (full 6):
 PSYoungGen      total 32768K, used 4674K [0x00000000eab00000, 0x00000000ed100000, 0x0000000100000000)
  eden space 27648K, 0% used [0x00000000eab00000,0x00000000eab00000,0x00000000ec600000)
  from space 5120K, 91% used [0x00000000ecb00000,0x00000000ecf90b70,0x00000000ed000000)
  to   space 5120K, 0% used [0x00000000ec600000,0x00000000ec600000,0x00000000ecb00000)
 ParOldGen       total 177152K, used 137094K [0x00000000c0000000, 0x00000000cad00000, 0x00000000eab00000)
  object space 177152K, 77% used [0x00000000c0000000,0x00000000c85e18d8,0x00000000cad00000)
 Metaspace       used 75063K, committed 76480K, reserved 1179648K
  class space    used 7841K, committed 8448K, reserved 1048576K
}
Event: 757.747 GC heap before
{Heap before GC invocations=119 (full 6):
 PSYoungGen      total 32768K, used 32322K [0x00000000eab00000, 0x00000000ed100000, 0x0000000100000000)
  eden space 27648K, 100% used [0x00000000eab00000,0x00000000ec600000,0x00000000ec600000)
  from space 5120K, 91% used [0x00000000ecb00000,0x00000000ecf90b70,0x00000000ed000000)
  to   space 5120K, 0% used [0x00000000ec600000,0x00000000ec600000,0x00000000ecb00000)
 ParOldGen       total 177152K, used 137094K [0x00000000c0000000, 0x00000000cad00000, 0x00000000eab00000)
  object space 177152K, 77% used [0x00000000c0000000,0x00000000c85e18d8,0x00000000cad00000)
 Metaspace       used 75063K, committed 76480K, reserved 1179648K
  class space    used 7841K, committed 8448K, reserved 1048576K
}
Event: 757.759 GC heap after
{Heap after GC invocations=119 (full 6):
 PSYoungGen      total 32768K, used 4470K [0x00000000eab00000, 0x00000000ed100000, 0x0000000100000000)
  eden space 27648K, 0% used [0x00000000eab00000,0x00000000eab00000,0x00000000ec600000)
  from space 5120K, 87% used [0x00000000ec600000,0x00000000eca5d878,0x00000000ecb00000)
  to   space 4608K, 0% used [0x00000000ecc80000,0x00000000ecc80000,0x00000000ed100000)
 ParOldGen       total 177152K, used 137094K [0x00000000c0000000, 0x00000000cad00000, 0x00000000eab00000)
  object space 177152K, 77% used [0x00000000c0000000,0x00000000c85e18d8,0x00000000cad00000)
 Metaspace       used 75063K, committed 76480K, reserved 1179648K
  class space    used 7841K, committed 8448K, reserved 1048576K
}
Event: 757.900 GC heap before
{Heap before GC invocations=120 (full 6):
 PSYoungGen      total 32768K, used 32118K [0x00000000eab00000, 0x00000000ed100000, 0x0000000100000000)
  eden space 27648K, 100% used [0x00000000eab00000,0x00000000ec600000,0x00000000ec600000)
  from space 5120K, 87% used [0x00000000ec600000,0x00000000eca5d878,0x00000000ecb00000)
  to   space 4608K, 0% used [0x00000000ecc80000,0x00000000ecc80000,0x00000000ed100000)
 ParOldGen       total 177152K, used 137094K [0x00000000c0000000, 0x00000000cad00000, 0x00000000eab00000)
  object space 177152K, 77% used [0x00000000c0000000,0x00000000c85e18d8,0x00000000cad00000)
 Metaspace       used 75063K, committed 76480K, reserved 1179648K
  class space    used 7841K, committed 8448K, reserved 1048576K
}
Event: 757.904 GC heap after
{Heap after GC invocations=120 (full 6):
 PSYoungGen      total 31744K, used 4595K [0x00000000eab00000, 0x00000000ed100000, 0x0000000100000000)
  eden space 27136K, 0% used [0x00000000eab00000,0x00000000eab00000,0x00000000ec580000)
  from space 4608K, 99% used [0x00000000ecc80000,0x00000000ed0fce38,0x00000000ed100000)
  to   space 5120K, 0% used [0x00000000ec700000,0x00000000ec700000,0x00000000ecc00000)
 ParOldGen       total 177152K, used 137126K [0x00000000c0000000, 0x00000000cad00000, 0x00000000eab00000)
  object space 177152K, 77% used [0x00000000c0000000,0x00000000c85e98d8,0x00000000cad00000)
 Metaspace       used 75063K, committed 76480K, reserved 1179648K
  class space    used 7841K, committed 8448K, reserved 1048576K
}
Event: 758.014 GC heap before
{Heap before GC invocations=121 (full 6):
 PSYoungGen      total 31744K, used 31731K [0x00000000eab00000, 0x00000000ed100000, 0x0000000100000000)
  eden space 27136K, 100% used [0x00000000eab00000,0x00000000ec580000,0x00000000ec580000)
  from space 4608K, 99% used [0x00000000ecc80000,0x00000000ed0fce38,0x00000000ed100000)
  to   space 5120K, 0% used [0x00000000ec700000,0x00000000ec700000,0x00000000ecc00000)
 ParOldGen       total 177152K, used 137128K [0x00000000c0000000, 0x00000000cad00000, 0x00000000eab00000)
  object space 177152K, 77% used [0x00000000c0000000,0x00000000c85ea058,0x00000000cad00000)
 Metaspace       used 75063K, committed 76480K, reserved 1179648K
  class space    used 7841K, committed 8448K, reserved 1048576K
}
Event: 758.022 GC heap after
{Heap after GC invocations=121 (full 6):
 PSYoungGen      total 29184K, used 2252K [0x00000000eab00000, 0x00000000ecd00000, 0x0000000100000000)
  eden space 26624K, 0% used [0x00000000eab00000,0x00000000eab00000,0x00000000ec500000)
  from space 2560K, 87% used [0x00000000ec700000,0x00000000ec933258,0x00000000ec980000)
  to   space 3584K, 0% used [0x00000000ec980000,0x00000000ec980000,0x00000000ecd00000)
 ParOldGen       total 177152K, used 139485K [0x00000000c0000000, 0x00000000cad00000, 0x00000000eab00000)
  object space 177152K, 78% used [0x00000000c0000000,0x00000000c8837420,0x00000000cad00000)
 Metaspace       used 75063K, committed 76480K, reserved 1179648K
  class space    used 7841K, committed 8448K, reserved 1048576K
}
Event: 758.256 GC heap before
{Heap before GC invocations=122 (full 6):
 PSYoungGen      total 29184K, used 28876K [0x00000000eab00000, 0x00000000ecd00000, 0x0000000100000000)
  eden space 26624K, 100% used [0x00000000eab00000,0x00000000ec500000,0x00000000ec500000)
  from space 2560K, 87% used [0x00000000ec700000,0x00000000ec933258,0x00000000ec980000)
  to   space 3584K, 0% used [0x00000000ec980000,0x00000000ec980000,0x00000000ecd00000)
 ParOldGen       total 177152K, used 139485K [0x00000000c0000000, 0x00000000cad00000, 0x00000000eab00000)
  object space 177152K, 78% used [0x00000000c0000000,0x00000000c8837420,0x00000000cad00000)
 Metaspace       used 75063K, committed 76480K, reserved 1179648K
  class space    used 7841K, committed 8448K, reserved 1048576K
}
Event: 758.260 GC heap after
{Heap after GC invocations=122 (full 6):
 PSYoungGen      total 28672K, used 2521K [0x00000000eab00000, 0x00000000ecc00000, 0x0000000100000000)
  eden space 26112K, 0% used [0x00000000eab00000,0x00000000eab00000,0x00000000ec480000)
  from space 2560K, 98% used [0x00000000ec980000,0x00000000ecbf6790,0x00000000ecc00000)
  to   space 3072K, 0% used [0x00000000ec600000,0x00000000ec600000,0x00000000ec900000)
 ParOldGen       total 177152K, used 139485K [0x00000000c0000000, 0x00000000cad00000, 0x00000000eab00000)
  object space 177152K, 78% used [0x00000000c0000000,0x00000000c8837420,0x00000000cad00000)
 Metaspace       used 75063K, committed 76480K, reserved 1179648K
  class space    used 7841K, committed 8448K, reserved 1048576K
}
Event: 758.796 GC heap before
{Heap before GC invocations=123 (full 6):
 PSYoungGen      total 28672K, used 28633K [0x00000000eab00000, 0x00000000ecc00000, 0x0000000100000000)
  eden space 26112K, 100% used [0x00000000eab00000,0x00000000ec480000,0x00000000ec480000)
  from space 2560K, 98% used [0x00000000ec980000,0x00000000ecbf6790,0x00000000ecc00000)
  to   space 3072K, 0% used [0x00000000ec600000,0x00000000ec600000,0x00000000ec900000)
 ParOldGen       total 177152K, used 139485K [0x00000000c0000000, 0x00000000cad00000, 0x00000000eab00000)
  object space 177152K, 78% used [0x00000000c0000000,0x00000000c8837420,0x00000000cad00000)
 Metaspace       used 75069K, committed 76480K, reserved 1179648K
  class space    used 7841K, committed 8448K, reserved 1048576K
}
Event: 758.801 GC heap after
{Heap after GC invocations=123 (full 6):
 PSYoungGen      total 28672K, used 2816K [0x00000000eab00000, 0x00000000eca00000, 0x0000000100000000)
  eden space 25600K, 0% used [0x00000000eab00000,0x00000000eab00000,0x00000000ec400000)
  from space 3072K, 91% used [0x00000000ec600000,0x00000000ec8c03c8,0x00000000ec900000)
  to   space 1024K, 0% used [0x00000000ec900000,0x00000000ec900000,0x00000000eca00000)
 ParOldGen       total 177152K, used 139485K [0x00000000c0000000, 0x00000000cad00000, 0x00000000eab00000)
  object space 177152K, 78% used [0x00000000c0000000,0x00000000c8837420,0x00000000cad00000)
 Metaspace       used 75069K, committed 76480K, reserved 1179648K
  class space    used 7841K, committed 8448K, reserved 1048576K
}
Event: 759.850 GC heap before
{Heap before GC invocations=124 (full 6):
 PSYoungGen      total 28672K, used 28416K [0x00000000eab00000, 0x00000000eca00000, 0x0000000100000000)
  eden space 25600K, 100% used [0x00000000eab00000,0x00000000ec400000,0x00000000ec400000)
  from space 3072K, 91% used [0x00000000ec600000,0x00000000ec8c03c8,0x00000000ec900000)
  to   space 1024K, 0% used [0x00000000ec900000,0x00000000ec900000,0x00000000eca00000)
 ParOldGen       total 177152K, used 139485K [0x00000000c0000000, 0x00000000cad00000, 0x00000000eab00000)
  object space 177152K, 78% used [0x00000000c0000000,0x00000000c8837420,0x00000000cad00000)
 Metaspace       used 75074K, committed 76480K, reserved 1179648K
  class space    used 7841K, committed 8448K, reserved 1048576K
}
Event: 759.868 GC heap after
{Heap after GC invocations=124 (full 6):
 PSYoungGen      total 26112K, used 1012K [0x00000000eab00000, 0x00000000eca00000, 0x0000000100000000)
  eden space 25088K, 0% used [0x00000000eab00000,0x00000000eab00000,0x00000000ec380000)
  from space 1024K, 98% used [0x00000000ec900000,0x00000000ec9fd198,0x00000000eca00000)
  to   space 3072K, 0% used [0x00000000ec400000,0x00000000ec400000,0x00000000ec700000)
 ParOldGen       total 177152K, used 141343K [0x00000000c0000000, 0x00000000cad00000, 0x00000000eab00000)
  object space 177152K, 79% used [0x00000000c0000000,0x00000000c8a07d80,0x00000000cad00000)
 Metaspace       used 75074K, committed 76480K, reserved 1179648K
  class space    used 7841K, committed 8448K, reserved 1048576K
}
Event: 760.456 GC heap before
{Heap before GC invocations=125 (full 6):
 PSYoungGen      total 26112K, used 26100K [0x00000000eab00000, 0x00000000eca00000, 0x0000000100000000)
  eden space 25088K, 100% used [0x00000000eab00000,0x00000000ec380000,0x00000000ec380000)
  from space 1024K, 98% used [0x00000000ec900000,0x00000000ec9fd198,0x00000000eca00000)
  to   space 3072K, 0% used [0x00000000ec400000,0x00000000ec400000,0x00000000ec700000)
 ParOldGen       total 177152K, used 141343K [0x00000000c0000000, 0x00000000cad00000, 0x00000000eab00000)
  object space 177152K, 79% used [0x00000000c0000000,0x00000000c8a07d80,0x00000000cad00000)
 Metaspace       used 75080K, committed 76480K, reserved 1179648K
  class space    used 7841K, committed 8448K, reserved 1048576K
}
Event: 760.461 GC heap after
{Heap after GC invocations=125 (full 6):
 PSYoungGen      total 28160K, used 1437K [0x00000000eab00000, 0x00000000ec980000, 0x0000000100000000)
  eden space 25088K, 0% used [0x00000000eab00000,0x00000000eab00000,0x00000000ec380000)
  from space 3072K, 46% used [0x00000000ec400000,0x00000000ec5675d0,0x00000000ec700000)
  to   space 2048K, 0% used [0x00000000ec780000,0x00000000ec780000,0x00000000ec980000)
 ParOldGen       total 177152K, used 141536K [0x00000000c0000000, 0x00000000cad00000, 0x00000000eab00000)
  object space 177152K, 79% used [0x00000000c0000000,0x00000000c8a38068,0x00000000cad00000)
 Metaspace       used 75080K, committed 76480K, reserved 1179648K
  class space    used 7841K, committed 8448K, reserved 1048576K
}
Event: 762.137 GC heap before
{Heap before GC invocations=126 (full 6):
 PSYoungGen      total 28160K, used 26525K [0x00000000eab00000, 0x00000000ec980000, 0x0000000100000000)
  eden space 25088K, 99% used [0x00000000eab00000,0x00000000ec37ffe8,0x00000000ec380000)
  from space 3072K, 46% used [0x00000000ec400000,0x00000000ec5675d0,0x00000000ec700000)
  to   space 2048K, 0% used [0x00000000ec780000,0x00000000ec780000,0x00000000ec980000)
 ParOldGen       total 177152K, used 141536K [0x00000000c0000000, 0x00000000cad00000, 0x00000000eab00000)
  object space 177152K, 79% used [0x00000000c0000000,0x00000000c8a38068,0x00000000cad00000)
 Metaspace       used 75111K, committed 76480K, reserved 1179648K
  class space    used 7842K, committed 8448K, reserved 1048576K
}
Event: 762.147 GC heap after
{Heap after GC invocations=126 (full 6):
 PSYoungGen      total 27136K, used 1715K [0x00000000eab00000, 0x00000000ec980000, 0x0000000100000000)
  eden space 25088K, 0% used [0x00000000eab00000,0x00000000eab00000,0x00000000ec380000)
  from space 2048K, 83% used [0x00000000ec780000,0x00000000ec92cf78,0x00000000ec980000)
  to   space 2048K, 0% used [0x00000000ec580000,0x00000000ec580000,0x00000000ec780000)
 ParOldGen       total 177152K, used 141536K [0x00000000c0000000, 0x00000000cad00000, 0x00000000eab00000)
  object space 177152K, 79% used [0x00000000c0000000,0x00000000c8a38068,0x00000000cad00000)
 Metaspace       used 75111K, committed 76480K, reserved 1179648K
  class space    used 7842K, committed 8448K, reserved 1048576K
}
Event: 791.002 GC heap before
{Heap before GC invocations=127 (full 6):
 PSYoungGen      total 27136K, used 26803K [0x00000000eab00000, 0x00000000ec980000, 0x0000000100000000)
  eden space 25088K, 100% used [0x00000000eab00000,0x00000000ec380000,0x00000000ec380000)
  from space 2048K, 83% used [0x00000000ec780000,0x00000000ec92cf78,0x00000000ec980000)
  to   space 2048K, 0% used [0x00000000ec580000,0x00000000ec580000,0x00000000ec780000)
 ParOldGen       total 177152K, used 141536K [0x00000000c0000000, 0x00000000cad00000, 0x00000000eab00000)
  object space 177152K, 79% used [0x00000000c0000000,0x00000000c8a38068,0x00000000cad00000)
 Metaspace       used 76186K, committed 77504K, reserved 1179648K
  class space    used 7916K, committed 8448K, reserved 1048576K
}
Event: 791.462 GC heap after
{Heap after GC invocations=127 (full 6):
 PSYoungGen      total 27136K, used 2029K [0x00000000eab00000, 0x00000000ec980000, 0x0000000100000000)
  eden space 25088K, 0% used [0x00000000eab00000,0x00000000eab00000,0x00000000ec380000)
  from space 2048K, 99% used [0x00000000ec580000,0x00000000ec77b4f0,0x00000000ec780000)
  to   space 2048K, 0% used [0x00000000ec780000,0x00000000ec780000,0x00000000ec980000)
 ParOldGen       total 177152K, used 142557K [0x00000000c0000000, 0x00000000cad00000, 0x00000000eab00000)
  object space 177152K, 80% used [0x00000000c0000000,0x00000000c8b37720,0x00000000cad00000)
 Metaspace       used 76186K, committed 77504K, reserved 1179648K
  class space    used 7916K, committed 8448K, reserved 1048576K
}

Dll operation events (10 events):
Event: 0.062 Loaded shared library c:\Users\Alanis\.vscode\extensions\redhat.java-1.35.1-win32-x64\jre\17.0.12-win32-x86_64\bin\java.dll
Event: 2.912 Loaded shared library c:\Users\Alanis\.vscode\extensions\redhat.java-1.35.1-win32-x64\jre\17.0.12-win32-x86_64\bin\zip.dll
Event: 2.928 Loaded shared library C:\Users\Alanis\.vscode\extensions\redhat.java-1.35.1-win32-x64\jre\17.0.12-win32-x86_64\bin\instrument.dll
Event: 2.978 Loaded shared library C:\Users\Alanis\.vscode\extensions\redhat.java-1.35.1-win32-x64\jre\17.0.12-win32-x86_64\bin\net.dll
Event: 2.988 Loaded shared library C:\Users\Alanis\.vscode\extensions\redhat.java-1.35.1-win32-x64\jre\17.0.12-win32-x86_64\bin\nio.dll
Event: 3.001 Loaded shared library C:\Users\Alanis\.vscode\extensions\redhat.java-1.35.1-win32-x64\jre\17.0.12-win32-x86_64\bin\zip.dll
Event: 3.131 Loaded shared library C:\Users\Alanis\.vscode\extensions\redhat.java-1.35.1-win32-x64\jre\17.0.12-win32-x86_64\bin\jimage.dll
Event: 3.463 Loaded shared library c:\Users\Alanis\.vscode\extensions\redhat.java-1.35.1-win32-x64\jre\17.0.12-win32-x86_64\bin\verify.dll
Event: 11.699 Loaded shared library C:\Users\Alanis\AppData\Roaming\Code\User\globalStorage\redhat.java\1.35.1\config_win\org.eclipse.equinox.launcher\org.eclipse.equinox.launcher.win32.win32.x86_64_1.2.1100.v20240722-2106\eclipse_11904.dll
Event: 19.189 Loaded shared library C:\Users\Alanis\AppData\Local\Temp\jna-1963633890\jna5848370774617498932.dll

Deoptimization events (20 events):
Event: 786.849 Thread 0x000002463265c280 DEOPT PACKING pc=0x0000024623bcc574 sp=0x000000efcb8fe440
Event: 786.849 Thread 0x000002463265c280 DEOPT UNPACKING pc=0x00000246232866a3 sp=0x000000efcb8fe3d0 mode 2
Event: 786.968 Thread 0x000002463265e0e0 Uncommon trap: trap_request=0xffffffc6 fr.pc=0x0000024623cbf030 relative=0x000000000000ab10
Event: 786.973 Thread 0x000002463265e0e0 Uncommon trap: reason=bimorphic_or_optimized_type_check action=maybe_recompile pc=0x0000024623cbf030 method=org.eclipse.jdt.internal.compiler.lookup.BinaryTypeBinding.createMethod(Lorg/eclipse/jdt/internal/compiler/env/IBinaryMethod;Lorg/eclipse/jdt/inter
Event: 786.974 Thread 0x000002463265e0e0 DEOPT PACKING pc=0x0000024623cbf030 sp=0x000000efcbefda80
Event: 786.978 Thread 0x000002463265e0e0 DEOPT UNPACKING pc=0x00000246232866a3 sp=0x000000efcbefda98 mode 2
Event: 787.160 Thread 0x000002463265e0e0 Uncommon trap: trap_request=0xffffffc6 fr.pc=0x0000024623cbf030 relative=0x000000000000ab10
Event: 787.160 Thread 0x000002463265e0e0 Uncommon trap: reason=bimorphic_or_optimized_type_check action=maybe_recompile pc=0x0000024623cbf030 method=org.eclipse.jdt.internal.compiler.lookup.BinaryTypeBinding.createMethod(Lorg/eclipse/jdt/internal/compiler/env/IBinaryMethod;Lorg/eclipse/jdt/inter
Event: 787.160 Thread 0x000002463265e0e0 DEOPT PACKING pc=0x0000024623cbf030 sp=0x000000efcbefda80
Event: 787.161 Thread 0x000002463265e0e0 DEOPT UNPACKING pc=0x00000246232866a3 sp=0x000000efcbefda98 mode 2
Event: 788.606 Thread 0x000002463265e0e0 Uncommon trap: trap_request=0xffffffc6 fr.pc=0x0000024623cbf030 relative=0x000000000000ab10
Event: 788.606 Thread 0x000002463265e0e0 Uncommon trap: reason=bimorphic_or_optimized_type_check action=maybe_recompile pc=0x0000024623cbf030 method=org.eclipse.jdt.internal.compiler.lookup.BinaryTypeBinding.createMethod(Lorg/eclipse/jdt/internal/compiler/env/IBinaryMethod;Lorg/eclipse/jdt/inter
Event: 788.606 Thread 0x000002463265e0e0 DEOPT PACKING pc=0x0000024623cbf030 sp=0x000000efcbefd910
Event: 788.625 Thread 0x000002463265e0e0 DEOPT UNPACKING pc=0x00000246232866a3 sp=0x000000efcbefd928 mode 2
Event: 790.442 Thread 0x000002463265b860 DEOPT PACKING pc=0x000002461d0ceda1 sp=0x000000efcc8fdb00
Event: 790.443 Thread 0x000002463265b860 DEOPT UNPACKING pc=0x0000024623286e43 sp=0x000000efcc8fcfa8 mode 0
Event: 790.695 Thread 0x000002463265b860 Uncommon trap: trap_request=0xffffff6e fr.pc=0x0000024623b30914 relative=0x0000000000000814
Event: 790.695 Thread 0x000002463265b860 Uncommon trap: reason=loop_limit_check action=maybe_recompile pc=0x0000024623b30914 method=java.util.regex.Pattern$StartS.match(Ljava/util/regex/Matcher;ILjava/lang/CharSequence;)Z @ 34 c2
Event: 790.695 Thread 0x000002463265b860 DEOPT PACKING pc=0x0000024623b30914 sp=0x000000efcc8fc0b0
Event: 790.696 Thread 0x000002463265b860 DEOPT UNPACKING pc=0x00000246232866a3 sp=0x000000efcc8fc000 mode 2

Classes loaded (20 events):
Event: 567.790 Loading class java/util/ArrayDeque$DeqSpliterator
Event: 567.804 Loading class java/util/ArrayDeque$DeqSpliterator done
Event: 620.689 Loading class java/util/LinkedList$LLSpliterator
Event: 620.692 Loading class java/util/LinkedList$LLSpliterator done
Event: 624.889 Loading class java/util/function/ToLongFunction
Event: 624.893 Loading class java/util/function/ToLongFunction done
Event: 669.896 Loading class java/nio/BufferMismatch
Event: 670.266 Loading class java/nio/BufferMismatch done
Event: 670.292 Loading class java/nio/file/attribute/PosixFileAttributes
Event: 670.314 Loading class java/nio/file/attribute/PosixFileAttributes done
Event: 671.549 Loading class java/util/zip/ZipError
Event: 671.551 Loading class java/util/zip/ZipError done
Event: 746.620 Loading class java/lang/Throwable$WrappedPrintWriter
Event: 746.813 Loading class java/lang/Throwable$PrintStreamOrWriter
Event: 746.847 Loading class java/lang/Throwable$PrintStreamOrWriter done
Event: 746.851 Loading class java/lang/Throwable$WrappedPrintWriter done
Event: 750.657 Loading class javax/xml/transform/TransformerConfigurationException
Event: 750.662 Loading class javax/xml/transform/TransformerConfigurationException done
Event: 784.676 Loading class jdk/internal/module/IllegalAccessLogger
Event: 784.679 Loading class jdk/internal/module/IllegalAccessLogger done

Classes unloaded (11 events):
Event: 16.280 Thread 0x000002462ce7f5d0 Unloading class 0x0000000100252400 'java/lang/invoke/LambdaForm$MH+0x0000000100252400'
Event: 16.280 Thread 0x000002462ce7f5d0 Unloading class 0x0000000100252000 'java/lang/invoke/LambdaForm$MH+0x0000000100252000'
Event: 16.280 Thread 0x000002462ce7f5d0 Unloading class 0x0000000100251c00 'java/lang/invoke/LambdaForm$MH+0x0000000100251c00'
Event: 16.280 Thread 0x000002462ce7f5d0 Unloading class 0x0000000100251800 'java/lang/invoke/LambdaForm$MH+0x0000000100251800'
Event: 16.280 Thread 0x000002462ce7f5d0 Unloading class 0x0000000100251400 'java/lang/invoke/LambdaForm$BMH+0x0000000100251400'
Event: 16.280 Thread 0x000002462ce7f5d0 Unloading class 0x0000000100251000 'java/lang/invoke/LambdaForm$DMH+0x0000000100251000'
Event: 16.280 Thread 0x000002462ce7f5d0 Unloading class 0x000000010024c400 'java/lang/invoke/LambdaForm$DMH+0x000000010024c400'
Event: 663.394 Thread 0x000002462ce7f5d0 Unloading class 0x0000000100774400 'java/lang/invoke/LambdaForm$DMH+0x0000000100774400'
Event: 663.395 Thread 0x000002462ce7f5d0 Unloading class 0x0000000100749c00 'java/lang/invoke/LambdaForm$DMH+0x0000000100749c00'
Event: 663.395 Thread 0x000002462ce7f5d0 Unloading class 0x0000000100728000 'java/lang/invoke/LambdaForm$DMH+0x0000000100728000'
Event: 663.395 Thread 0x000002462ce7f5d0 Unloading class 0x0000000100724c00 'java/lang/invoke/LambdaForm$DMH+0x0000000100724c00'

Classes redefined (0 events):
No events

Internal exceptions (20 events):
Event: 708.080 Thread 0x000002463265e0e0 Exception <a 'sun/nio/fs/WindowsException'{0x00000000ebb5d270}> (0x00000000ebb5d270) 
thrown [s\src\hotspot\share\prims\jni.cpp, line 516]
Event: 747.906 Thread 0x000002463265dbd0 Exception <a 'sun/nio/fs/WindowsException'{0x00000000eb532610}> (0x00000000eb532610) 
thrown [s\src\hotspot\share\prims\jni.cpp, line 516]
Event: 747.921 Thread 0x000002463265dbd0 Exception <a 'sun/nio/fs/WindowsException'{0x00000000eb5424e0}> (0x00000000eb5424e0) 
thrown [s\src\hotspot\share\prims\jni.cpp, line 516]
Event: 748.671 Thread 0x0000024632658fe0 Exception <a 'sun/nio/fs/WindowsException'{0x00000000eb551640}> (0x00000000eb551640) 
thrown [s\src\hotspot\share\prims\jni.cpp, line 516]
Event: 748.751 Thread 0x0000024632658fe0 Exception <a 'sun/nio/fs/WindowsException'{0x00000000eb552378}> (0x00000000eb552378) 
thrown [s\src\hotspot\share\prims\jni.cpp, line 516]
Event: 748.761 Thread 0x0000024632658fe0 Exception <a 'sun/nio/fs/WindowsException'{0x00000000eb552f50}> (0x00000000eb552f50) 
thrown [s\src\hotspot\share\prims\jni.cpp, line 516]
Event: 748.770 Thread 0x0000024632658fe0 Exception <a 'sun/nio/fs/WindowsException'{0x00000000eb554bf8}> (0x00000000eb554bf8) 
thrown [s\src\hotspot\share\prims\jni.cpp, line 516]
Event: 748.803 Thread 0x0000024632658fe0 Exception <a 'sun/nio/fs/WindowsException'{0x00000000eb556a20}> (0x00000000eb556a20) 
thrown [s\src\hotspot\share\prims\jni.cpp, line 516]
Event: 748.835 Thread 0x0000024632658fe0 Exception <a 'sun/nio/fs/WindowsException'{0x00000000eb606d10}> (0x00000000eb606d10) 
thrown [s\src\hotspot\share\prims\jni.cpp, line 516]
Event: 748.854 Thread 0x0000024632658fe0 Exception <a 'sun/nio/fs/WindowsException'{0x00000000eb608ae8}> (0x00000000eb608ae8) 
thrown [s\src\hotspot\share\prims\jni.cpp, line 516]
Event: 748.866 Thread 0x0000024632658fe0 Exception <a 'sun/nio/fs/WindowsException'{0x00000000eb60a290}> (0x00000000eb60a290) 
thrown [s\src\hotspot\share\prims\jni.cpp, line 516]
Event: 748.970 Thread 0x0000024632658fe0 Exception <a 'sun/nio/fs/WindowsException'{0x00000000eb60d210}> (0x00000000eb60d210) 
thrown [s\src\hotspot\share\prims\jni.cpp, line 516]
Event: 748.970 Thread 0x0000024632658fe0 Exception <a 'sun/nio/fs/WindowsException'{0x00000000eb60da80}> (0x00000000eb60da80) 
thrown [s\src\hotspot\share\prims\jni.cpp, line 516]
Event: 750.461 Thread 0x000002463265c280 Exception <a 'sun/nio/fs/WindowsException'{0x00000000eb823300}> (0x00000000eb823300) 
thrown [s\src\hotspot\share\prims\jni.cpp, line 516]
Event: 750.462 Thread 0x000002463265c280 Exception <a 'sun/nio/fs/WindowsException'{0x00000000eb823b70}> (0x00000000eb823b70) 
thrown [s\src\hotspot\share\prims\jni.cpp, line 516]
Event: 750.586 Thread 0x000002463265c280 Exception <a 'sun/nio/fs/WindowsException'{0x00000000eb89b380}> (0x00000000eb89b380) 
thrown [s\src\hotspot\share\prims\jni.cpp, line 516]
Event: 750.586 Thread 0x000002463265c280 Exception <a 'sun/nio/fs/WindowsException'{0x00000000eb89be98}> (0x00000000eb89be98) 
thrown [s\src\hotspot\share\prims\jni.cpp, line 516]
Event: 750.701 Thread 0x000002463265c280 Exception <a 'java/lang/NoSuchMethodError'{0x00000000eb908bd8}: 'int java.lang.invoke.DirectMethodHandle$Holder.invokeStatic(java.lang.Object)'> (0x00000000eb908bd8) 
thrown [s\src\hotspot\share\interpreter\linkResolver.cpp, line 759]
Event: 774.237 Thread 0x00000246326580b0 Exception <a 'java/lang/ArrayIndexOutOfBoundsException'{0x00000000eb3bbd90}: Index 76 out of bounds for length 75> (0x00000000eb3bbd90) 
thrown [s\src\hotspot\share\interpreter\interpreterRuntime.cpp, line 428]
Event: 778.387 Thread 0x000002463265e0e0 Implicit null exception at 0x0000024623ea8b8b to 0x0000024623ea8e20

VM Operations (20 events):
Event: 775.179 Executing VM operation: Cleanup
Event: 775.838 Executing VM operation: Cleanup done
Event: 776.848 Executing VM operation: Cleanup
Event: 777.519 Executing VM operation: Cleanup done
Event: 778.531 Executing VM operation: Cleanup
Event: 778.578 Executing VM operation: Cleanup done
Event: 779.588 Executing VM operation: Cleanup
Event: 779.880 Executing VM operation: Cleanup done
Event: 780.891 Executing VM operation: Cleanup
Event: 783.121 Executing VM operation: Cleanup done
Event: 784.136 Executing VM operation: Cleanup
Event: 784.213 Executing VM operation: Cleanup done
Event: 787.250 Executing VM operation: Cleanup
Event: 788.455 Executing VM operation: Cleanup done
Event: 789.205 Executing VM operation: HandshakeAllThreads
Event: 789.233 Executing VM operation: HandshakeAllThreads done
Event: 790.247 Executing VM operation: Cleanup
Event: 790.436 Executing VM operation: Cleanup done
Event: 791.001 Executing VM operation: ParallelGCFailedAllocation
Event: 791.463 Executing VM operation: ParallelGCFailedAllocation done

Events (20 events):
Event: 752.792 Thread 0x0000024632659a00 Thread added: 0x0000024632659a00
Event: 752.957 Thread 0x000002463265e5f0 Thread added: 0x000002463265e5f0
Event: 753.019 Thread 0x00000246326580b0 Thread added: 0x00000246326580b0
Event: 762.611 Thread 0x000002463204c3c0 flushing nmethod 0x000002462381c510
Event: 762.925 Thread 0x000002463204c3c0 flushing nmethod 0x0000024623ccf890
Event: 762.995 Thread 0x000002463204c3c0 flushing nmethod 0x0000024623e55290
Event: 763.192 Thread 0x000002463204c3c0 flushing nmethod 0x000002461beb9410
Event: 763.645 Thread 0x000002463204c3c0 flushing nmethod 0x000002461c4b2310
Event: 764.059 Thread 0x000002463204c3c0 flushing nmethod 0x000002461ca8d010
Event: 764.100 Thread 0x000002463204c3c0 flushing nmethod 0x000002461cb26d10
Event: 764.472 Thread 0x000002463204c3c0 flushing nmethod 0x000002461ce55110
Event: 764.474 Thread 0x000002463204c3c0 flushing nmethod 0x000002461ce60790
Event: 764.730 Thread 0x000002463204c3c0 flushing nmethod 0x000002461d27db10
Event: 764.730 Thread 0x000002463204c3c0 flushing nmethod 0x000002461d27e490
Event: 764.730 Thread 0x000002463204c3c0 flushing nmethod 0x000002461d27f010
Event: 764.731 Thread 0x000002463204c3c0 flushing nmethod 0x000002461d280b10
Event: 764.737 Thread 0x000002463204c3c0 flushing nmethod 0x000002461d29c090
Event: 764.737 Thread 0x000002463204c3c0 flushing nmethod 0x000002461d2a0510
Event: 764.755 Thread 0x000002463204c3c0 flushing nmethod 0x000002461d2cdd10
Event: 786.996 Thread 0x000002463265d6c0 Thread added: 0x000002463265d6c0


Dynamic libraries:
0x00007ff7e47c0000 - 0x00007ff7e47ce000 	c:\Users\Alanis\.vscode\extensions\redhat.java-1.35.1-win32-x64\jre\17.0.12-win32-x86_64\bin\java.exe
0x00007ff9ee190000 - 0x00007ff9ee385000 	C:\WINDOWS\SYSTEM32\ntdll.dll
0x00007ff9ecd80000 - 0x00007ff9ece3e000 	C:\WINDOWS\System32\KERNEL32.DLL
0x00007ff9ebb20000 - 0x00007ff9ebde8000 	C:\WINDOWS\System32\KERNELBASE.dll
0x00007ff9ebdf0000 - 0x00007ff9ebef0000 	C:\WINDOWS\System32\ucrtbase.dll
0x00007ff9df330000 - 0x00007ff9df347000 	c:\Users\Alanis\.vscode\extensions\redhat.java-1.35.1-win32-x64\jre\17.0.12-win32-x86_64\bin\jli.dll
0x00007ff9ed770000 - 0x00007ff9ed910000 	C:\WINDOWS\System32\USER32.dll
0x00007ff9ebaf0000 - 0x00007ff9ebb12000 	C:\WINDOWS\System32\win32u.dll
0x00007ff9d4e40000 - 0x00007ff9d4e5b000 	c:\Users\Alanis\.vscode\extensions\redhat.java-1.35.1-win32-x64\jre\17.0.12-win32-x86_64\bin\VCRUNTIME140.dll
0x00007ff9ecd50000 - 0x00007ff9ecd7b000 	C:\WINDOWS\System32\GDI32.dll
0x00007ff9ebfa0000 - 0x00007ff9ec0ad000 	C:\WINDOWS\System32\gdi32full.dll
0x00007ff9eb8a0000 - 0x00007ff9eb93d000 	C:\WINDOWS\System32\msvcp_win.dll
0x00007ff9d3f90000 - 0x00007ff9d422a000 	C:\WINDOWS\WinSxS\amd64_microsoft.windows.common-controls_6595b64144ccf1df_6.0.19041.1110_none_60b5254171f9507e\COMCTL32.dll
0x00007ff9ec280000 - 0x00007ff9ec31e000 	C:\WINDOWS\System32\msvcrt.dll
0x00007ff9ed910000 - 0x00007ff9ed940000 	C:\WINDOWS\System32\IMM32.DLL
0x00007ff9d98e0000 - 0x00007ff9d98ec000 	c:\Users\Alanis\.vscode\extensions\redhat.java-1.35.1-win32-x64\jre\17.0.12-win32-x86_64\bin\vcruntime140_1.dll
0x00007ff9b8910000 - 0x00007ff9b899d000 	c:\Users\Alanis\.vscode\extensions\redhat.java-1.35.1-win32-x64\jre\17.0.12-win32-x86_64\bin\msvcp140.dll
0x00007ff97f090000 - 0x00007ff97fcfa000 	c:\Users\Alanis\.vscode\extensions\redhat.java-1.35.1-win32-x64\jre\17.0.12-win32-x86_64\bin\server\jvm.dll
0x00007ff9ecc90000 - 0x00007ff9ecd3e000 	C:\WINDOWS\System32\ADVAPI32.dll
0x00007ff9eced0000 - 0x00007ff9ecf6c000 	C:\WINDOWS\System32\sechost.dll
0x00007ff9ec910000 - 0x00007ff9eca35000 	C:\WINDOWS\System32\RPCRT4.dll
0x00007ff9ee030000 - 0x00007ff9ee09b000 	C:\WINDOWS\System32\WS2_32.dll
0x00007ff9eb710000 - 0x00007ff9eb75b000 	C:\WINDOWS\SYSTEM32\POWRPROF.dll
0x00007ff9e5430000 - 0x00007ff9e543a000 	C:\WINDOWS\SYSTEM32\VERSION.dll
0x00007ff9c4670000 - 0x00007ff9c4697000 	C:\WINDOWS\SYSTEM32\WINMM.dll
0x00007ff9eb6f0000 - 0x00007ff9eb702000 	C:\WINDOWS\SYSTEM32\UMPDC.dll
0x00007ff9ea120000 - 0x00007ff9ea132000 	C:\WINDOWS\SYSTEM32\kernel.appcore.dll
0x00007ff9d4340000 - 0x00007ff9d434a000 	c:\Users\Alanis\.vscode\extensions\redhat.java-1.35.1-win32-x64\jre\17.0.12-win32-x86_64\bin\jimage.dll
0x00007ff9e9560000 - 0x00007ff9e9744000 	C:\WINDOWS\SYSTEM32\DBGHELP.DLL
0x00007ff9ce510000 - 0x00007ff9ce53c000 	C:\WINDOWS\SYSTEM32\dbgcore.DLL
0x00007ff9ec120000 - 0x00007ff9ec1a2000 	C:\WINDOWS\System32\bcryptPrimitives.dll
0x00007ff9d3b50000 - 0x00007ff9d3b5e000 	c:\Users\Alanis\.vscode\extensions\redhat.java-1.35.1-win32-x64\jre\17.0.12-win32-x86_64\bin\instrument.dll
0x00007ff9bdc50000 - 0x00007ff9bdc75000 	c:\Users\Alanis\.vscode\extensions\redhat.java-1.35.1-win32-x64\jre\17.0.12-win32-x86_64\bin\java.dll
0x00007ff9d33e0000 - 0x00007ff9d33f8000 	c:\Users\Alanis\.vscode\extensions\redhat.java-1.35.1-win32-x64\jre\17.0.12-win32-x86_64\bin\zip.dll
0x00007ff9ecf70000 - 0x00007ff9ed6b4000 	C:\WINDOWS\System32\SHELL32.dll
0x00007ff9e9970000 - 0x00007ff9ea104000 	C:\WINDOWS\SYSTEM32\windows.storage.dll
0x00007ff9ec320000 - 0x00007ff9ec675000 	C:\WINDOWS\System32\combase.dll
0x00007ff9eb220000 - 0x00007ff9eb24e000 	C:\WINDOWS\SYSTEM32\Wldp.dll
0x00007ff9ed6c0000 - 0x00007ff9ed76d000 	C:\WINDOWS\System32\SHCORE.dll
0x00007ff9ed940000 - 0x00007ff9ed995000 	C:\WINDOWS\System32\shlwapi.dll
0x00007ff9eb7e0000 - 0x00007ff9eb7ff000 	C:\WINDOWS\SYSTEM32\profapi.dll
0x00007ff9c9880000 - 0x00007ff9c9899000 	C:\Users\Alanis\.vscode\extensions\redhat.java-1.35.1-win32-x64\jre\17.0.12-win32-x86_64\bin\net.dll
0x00007ff9dad20000 - 0x00007ff9dae2c000 	C:\WINDOWS\SYSTEM32\WINHTTP.dll
0x00007ff9eaf80000 - 0x00007ff9eafea000 	C:\WINDOWS\system32\mswsock.dll
0x00007ff9bbe00000 - 0x00007ff9bbe16000 	C:\Users\Alanis\.vscode\extensions\redhat.java-1.35.1-win32-x64\jre\17.0.12-win32-x86_64\bin\nio.dll
0x00007ff9d3b40000 - 0x00007ff9d3b50000 	c:\Users\Alanis\.vscode\extensions\redhat.java-1.35.1-win32-x64\jre\17.0.12-win32-x86_64\bin\verify.dll
0x00007ff9b8e10000 - 0x00007ff9b8e55000 	C:\Users\Alanis\AppData\Roaming\Code\User\globalStorage\redhat.java\1.35.1\config_win\org.eclipse.equinox.launcher\org.eclipse.equinox.launcher.win32.win32.x86_64_1.2.1100.v20240722-2106\eclipse_11904.dll
0x00007ff9eca40000 - 0x00007ff9ecb6a000 	C:\WINDOWS\System32\ole32.dll
0x00007ff9eb170000 - 0x00007ff9eb188000 	C:\WINDOWS\SYSTEM32\CRYPTSP.dll
0x00007ff9ea900000 - 0x00007ff9ea934000 	C:\WINDOWS\system32\rsaenh.dll
0x00007ff9ec1b0000 - 0x00007ff9ec1d7000 	C:\WINDOWS\System32\bcrypt.dll
0x00007ff9eb7a0000 - 0x00007ff9eb7ce000 	C:\WINDOWS\SYSTEM32\USERENV.dll
0x00007ff9eb190000 - 0x00007ff9eb19c000 	C:\WINDOWS\SYSTEM32\CRYPTBASE.dll
0x00007ff9eac70000 - 0x00007ff9eacab000 	C:\WINDOWS\SYSTEM32\IPHLPAPI.DLL
0x00007ff9ec270000 - 0x00007ff9ec278000 	C:\WINDOWS\System32\NSI.dll
0x00007ff9e2590000 - 0x00007ff9e25a7000 	C:\WINDOWS\SYSTEM32\dhcpcsvc6.DLL
0x00007ff9e2570000 - 0x00007ff9e258d000 	C:\WINDOWS\SYSTEM32\dhcpcsvc.DLL
0x00007ff9eacb0000 - 0x00007ff9ead7b000 	C:\WINDOWS\SYSTEM32\DNSAPI.dll
0x00007ff9b8800000 - 0x00007ff9b8849000 	C:\Users\Alanis\AppData\Local\Temp\jna-1963633890\jna5848370774617498932.dll
0x00007ff9ec260000 - 0x00007ff9ec268000 	C:\WINDOWS\System32\PSAPI.DLL

dbghelp: loaded successfully - version: 4.0.5 - missing functions: none
symbol engine: initialized successfully - sym options: 0x614 - pdb path: .;c:\Users\Alanis\.vscode\extensions\redhat.java-1.35.1-win32-x64\jre\17.0.12-win32-x86_64\bin;C:\WINDOWS\SYSTEM32;C:\WINDOWS\WinSxS\amd64_microsoft.windows.common-controls_6595b64144ccf1df_6.0.19041.1110_none_60b5254171f9507e;c:\Users\Alanis\.vscode\extensions\redhat.java-1.35.1-win32-x64\jre\17.0.12-win32-x86_64\bin\server;C:\Users\Alanis\AppData\Roaming\Code\User\globalStorage\redhat.java\1.35.1\config_win\org.eclipse.equinox.launcher\org.eclipse.equinox.launcher.win32.win32.x86_64_1.2.1100.v20240722-2106;C:\Users\Alanis\AppData\Local\Temp\jna-1963633890

VM Arguments:
jvm_args: --add-modules=ALL-SYSTEM --add-opens=java.base/java.util=ALL-UNNAMED --add-opens=java.base/java.lang=ALL-UNNAMED --add-opens=java.base/sun.nio.fs=ALL-UNNAMED -Declipse.application=org.eclipse.jdt.ls.core.id1 -Dosgi.bundles.defaultStartLevel=4 -Declipse.product=org.eclipse.jdt.ls.core.product -Djava.import.generatesMetadataFilesAtProjectRoot=false -DDetectVMInstallationsJob.disabled=true -Dfile.encoding=utf8 -XX:+UseParallelGC -XX:GCTimeRatio=4 -XX:AdaptiveSizePolicyWeight=90 -Dsun.zip.disableMemoryMapping=true -Xmx1G -Xms100m -Xlog:disable -javaagent:c:\Users\Alanis\.vscode\extensions\redhat.java-1.35.1-win32-x64\lombok\lombok-1.18.33.jar -XX:+HeapDumpOnOutOfMemoryError -XX:HeapDumpPath=c:\Users\Alanis\AppData\Roaming\Code\User\workspaceStorage\dff5c497b77603ec68c263be5a83a80d\redhat.java -Daether.dependencyCollector.impl=bf 
java_command: c:\Users\Alanis\.vscode\extensions\redhat.java-1.35.1-win32-x64\server\plugins\org.eclipse.equinox.launcher_1.6.900.v20240613-2009.jar -configuration c:\Users\Alanis\AppData\Roaming\Code\User\globalStorage\redhat.java\1.35.1\config_win -data c:\Users\Alanis\AppData\Roaming\Code\User\workspaceStorage\dff5c497b77603ec68c263be5a83a80d\redhat.java\jdt_ws --pipe=\\.\pipe\lsp-2085bf3bddd01d7bc66cec7f6f82adea-sock
java_class_path (initial): c:\Users\Alanis\.vscode\extensions\redhat.java-1.35.1-win32-x64\server\plugins\org.eclipse.equinox.launcher_1.6.900.v20240613-2009.jar
Launcher Type: SUN_STANDARD

[Global flags]
    uintx AdaptiveSizePolicyWeight                 = 90                                        {product} {command line}
     intx CICompilerCount                          = 3                                         {product} {ergonomic}
    uintx GCTimeRatio                              = 4                                         {product} {command line}
     bool HeapDumpOnOutOfMemoryError               = true                                   {manageable} {command line}
    ccstr HeapDumpPath                             = c:\Users\Alanis\AppData\Roaming\Code\User\workspaceStorage\dff5c497b77603ec68c263be5a83a80d\redhat.java         {manageable} {command line}
   size_t InitialHeapSize                          = 104857600                                 {product} {command line}
   size_t MaxHeapSize                              = 1073741824                                {product} {command line}
   size_t MaxNewSize                               = 357564416                                 {product} {ergonomic}
   size_t MinHeapDeltaBytes                        = 524288                                    {product} {ergonomic}
   size_t MinHeapSize                              = 104857600                                 {product} {command line}
   size_t NewSize                                  = 34603008                                  {product} {ergonomic}
    uintx NonNMethodCodeHeapSize                   = 5832780                                {pd product} {ergonomic}
    uintx NonProfiledCodeHeapSize                  = 122912730                              {pd product} {ergonomic}
   size_t OldSize                                  = 70254592                                  {product} {ergonomic}
    uintx ProfiledCodeHeapSize                     = 122912730                              {pd product} {ergonomic}
    uintx ReservedCodeCacheSize                    = 251658240                              {pd product} {ergonomic}
     bool SegmentedCodeCache                       = true                                      {product} {ergonomic}
   size_t SoftMaxHeapSize                          = 1073741824                             {manageable} {ergonomic}
     bool UseCompressedClassPointers               = true                           {product lp64_product} {ergonomic}
     bool UseCompressedOops                        = true                           {product lp64_product} {ergonomic}
     bool UseLargePagesIndividualAllocation        = false                                  {pd product} {ergonomic}
     bool UseParallelGC                            = true                                      {product} {command line}

Logging:
Log output configuration:
 #0: stdout all=off uptime,level,tags
 #1: stderr all=off uptime,level,tags

Environment Variables:
JAVA_HOME=C:\Program Files\Java\jdk-19
PATH=C:\Program Files\Common Files\Oracle\Java\javapath;C:\Program Files (x86)\Common Files\Oracle\Java\javapath;C:\Program Files (x86)\VMware\VMware Player\bin\;C:\WINDOWS\system32;C:\WINDOWS;C:\WINDOWS\System32\Wbem;C:\WINDOWS\System32\WindowsPowerShell\v1.0\;C:\WINDOWS\System32\OpenSSH\;C:\Program Files\Intel\WiFi\bin\;C:\Program Files\Common Files\Intel\WirelessCommon\;C:\Program Files (x86)\ZeroTier\One\;C:\Program Files\nodejs\;C:\Program Files\Git\cmd;C:\Users\Alanis\AppData\Local\Programs\Python\Python312\Scripts\;C:\Users\Alanis\AppData\Local\Programs\Python\Python312\;C:\Users\Alanis\AppData\Local\Microsoft\WindowsApps;C:\apache-maven-3.9.5\bin;C:\Users\Alanis\AppData\Local\GitHubDesktop\bin;C:\apache-maven-3.9.5\bin;C:\Users\Alanis\Downloads\Microsoft VS Code\bin;C:\Users\Alanis\AppData\Roaming\npm;C:\Users\Alanis\.git;
USERNAME=Alanis
OS=Windows_NT
PROCESSOR_IDENTIFIER=Intel64 Family 6 Model 142 Stepping 12, GenuineIntel
TMP=C:\Users\Alanis\AppData\Local\Temp
TEMP=C:\Users\Alanis\AppData\Local\Temp



Periodic native trim disabled


---------------  S Y S T E M  ---------------

OS:
 Windows 10 , 64 bit Build 19041 (10.0.19041.1503)
OS uptime: 0 days 10:05 hours

CPU: total 4 (initial active 4) (2 cores per cpu, 2 threads per core) family 6 model 142 stepping 12 microcode 0xb8, cx8, cmov, fxsr, ht, mmx, 3dnowpref, sse, sse2, sse3, ssse3, sse4.1, sse4.2, popcnt, lzcnt, tsc, tscinvbit, avx, avx2, aes, erms, clmul, bmi1, bmi2, adx, fma, vzeroupper, clflush, clflushopt
Processor Information for all 4 processors :
  Max Mhz: 2304, Current Mhz: 2103, Mhz Limit: 2096

Memory: 4k page, system-wide physical 2444M (44M free)
TotalPageFile size 9868M (AvailPageFile size 2M)
current process WorkingSet (physical memory assigned to process): 118M, peak: 195M
current process commit charge ("private bytes"): 438M, peak: 444M

vm_info: OpenJDK 64-Bit Server VM (17.0.12+7) for windows-amd64 JRE (17.0.12+7), built on Jul 16 2024 22:08:24 by "admin" with MS VC++ 16.10 / 16.11 (VS2019)

END.
